2024-02-22 07:11:03,524:DEBUG: Finished tracing + transforming jit(convert_element_type) in 0.00026345252990722656 sec
2024-02-22 07:11:03,528:DEBUG: No jax_plugins namespace packages available
2024-02-22 07:11:03,534:DEBUG: Initializing backend 'cpu'
2024-02-22 07:11:03,536:DEBUG: Backend 'cpu' initialized
2024-02-22 07:11:03,537:DEBUG: Initializing backend 'cuda'
2024-02-22 07:11:03,537:INFO: Unable to initialize backend 'cuda': module 'jaxlib.xla_extension' has no attribute 'GpuAllocatorConfig'
2024-02-22 07:11:03,537:DEBUG: Initializing backend 'rocm'
2024-02-22 07:11:03,537:INFO: Unable to initialize backend 'rocm': module 'jaxlib.xla_extension' has no attribute 'GpuAllocatorConfig'
2024-02-22 07:11:03,537:DEBUG: Initializing backend 'tpu'
2024-02-22 07:11:03,538:INFO: Unable to initialize backend 'tpu': INTERNAL: Failed to open libtpu.so: libtpu.so: cannot open shared object file: No such file or directory
2024-02-22 07:11:03,541:DEBUG: Compiling convert_element_type for with global shapes and types [ShapedArray(int32[])]. Argument mapping: (GSPMDSharding({replicated}),).
2024-02-22 07:11:03,549:DEBUG: Finished jaxpr to MLIR module conversion jit(convert_element_type) in 0.007917642593383789 sec
2024-02-22 07:11:03,550:DEBUG: get_compile_options: num_replicas=1 num_partitions=1 device_assignment=[[CpuDevice(id=0)]]
2024-02-22 07:11:03,550:DEBUG: get_compile_options XLA-AutoFDO profile: using XLA-AutoFDO profile version -1
2024-02-22 07:11:03,573:DEBUG: Finished XLA compilation of jit(convert_element_type) in 0.02224278450012207 sec
2024-02-22 07:11:03,575:DEBUG: Finished tracing + transforming <lambda> for pjit in 0.00036525726318359375 sec
2024-02-22 07:11:03,575:DEBUG: Finished tracing + transforming _threefry_seed for pjit in 0.0011191368103027344 sec
2024-02-22 07:11:03,575:DEBUG: Compiling _threefry_seed for with global shapes and types [ShapedArray(int32[])]. Argument mapping: (GSPMDSharding({replicated}),).
2024-02-22 07:11:03,577:DEBUG: Finished jaxpr to MLIR module conversion jit(_threefry_seed) in 0.0017719268798828125 sec
2024-02-22 07:11:03,577:DEBUG: get_compile_options: num_replicas=1 num_partitions=1 device_assignment=[[CpuDevice(id=0)]]
2024-02-22 07:11:03,577:DEBUG: get_compile_options XLA-AutoFDO profile: using XLA-AutoFDO profile version -1
2024-02-22 07:11:03,583:DEBUG: Finished XLA compilation of jit(_threefry_seed) in 0.005623579025268555 sec
2024-02-22 07:11:03,584:DEBUG: Finished tracing + transforming ravel for pjit in 0.0001704692840576172 sec
2024-02-22 07:11:03,585:DEBUG: Finished tracing + transforming threefry_2x32 for pjit in 0.0008075237274169922 sec
2024-02-22 07:11:03,585:DEBUG: Finished tracing + transforming _threefry_split_original for pjit in 0.00133514404296875 sec
2024-02-22 07:11:03,586:DEBUG: Finished tracing + transforming _threefry_split for pjit in 0.001973390579223633 sec
2024-02-22 07:11:03,586:DEBUG: Compiling _threefry_split for with global shapes and types [ShapedArray(uint32[2])]. Argument mapping: (GSPMDSharding({replicated}),).
2024-02-22 07:11:03,587:DEBUG: Finished tracing + transforming <lambda> for pjit in 0.0001437664031982422 sec
2024-02-22 07:11:03,588:DEBUG: Finished tracing + transforming fn for pjit in 0.00013756752014160156 sec
2024-02-22 07:11:03,588:DEBUG: Finished tracing + transforming fn for pjit in 0.00040435791015625 sec
2024-02-22 07:11:03,589:DEBUG: Finished tracing + transforming fn for pjit in 0.0002353191375732422 sec
2024-02-22 07:11:03,589:DEBUG: Finished tracing + transforming <lambda> for pjit in 0.0002536773681640625 sec
2024-02-22 07:11:03,590:DEBUG: Finished tracing + transforming <lambda> for pjit in 0.00023674964904785156 sec
2024-02-22 07:11:03,590:DEBUG: Finished tracing + transforming <lambda> for pjit in 0.00022745132446289062 sec
2024-02-22 07:11:03,593:DEBUG: Finished tracing + transforming fn for pjit in 0.0002694129943847656 sec
2024-02-22 07:11:03,597:DEBUG: Finished jaxpr to MLIR module conversion jit(_threefry_split) in 0.010984420776367188 sec
2024-02-22 07:11:03,597:DEBUG: get_compile_options: num_replicas=1 num_partitions=1 device_assignment=[[CpuDevice(id=0)]]
2024-02-22 07:11:03,597:DEBUG: get_compile_options XLA-AutoFDO profile: using XLA-AutoFDO profile version -1
2024-02-22 07:11:03,621:DEBUG: Finished XLA compilation of jit(_threefry_split) in 0.023297548294067383 sec
2024-02-22 07:11:03,621:DEBUG: Finished tracing + transforming _unstack for pjit in 0.00022172927856445312 sec
2024-02-22 07:11:03,621:DEBUG: Compiling _unstack for with global shapes and types [ShapedArray(uint32[2,2])]. Argument mapping: (GSPMDSharding({replicated}),).
2024-02-22 07:11:03,622:DEBUG: Finished jaxpr to MLIR module conversion jit(_unstack) in 0.0007481575012207031 sec
2024-02-22 07:11:03,622:DEBUG: get_compile_options: num_replicas=1 num_partitions=1 device_assignment=[[CpuDevice(id=0)]]
2024-02-22 07:11:03,622:DEBUG: get_compile_options XLA-AutoFDO profile: using XLA-AutoFDO profile version -1
2024-02-22 07:11:03,627:DEBUG: Finished XLA compilation of jit(_unstack) in 0.004303932189941406 sec
2024-02-22 07:11:03,627:DEBUG: Finished tracing + transforming jit(convert_element_type) in 9.703636169433594e-05 sec
2024-02-22 07:11:03,628:DEBUG: Compiling convert_element_type for with global shapes and types [ShapedArray(float32[])]. Argument mapping: (GSPMDSharding({replicated}),).
2024-02-22 07:11:03,628:DEBUG: Finished jaxpr to MLIR module conversion jit(convert_element_type) in 0.0005490779876708984 sec
2024-02-22 07:11:03,628:DEBUG: get_compile_options: num_replicas=1 num_partitions=1 device_assignment=[[CpuDevice(id=0)]]
2024-02-22 07:11:03,628:DEBUG: get_compile_options XLA-AutoFDO profile: using XLA-AutoFDO profile version -1
2024-02-22 07:11:03,631:DEBUG: Finished XLA compilation of jit(convert_element_type) in 0.0029277801513671875 sec
2024-02-22 07:11:03,632:DEBUG: Finished tracing + transforming <lambda> for pjit in 0.00015497207641601562 sec
2024-02-22 07:11:03,632:DEBUG: Compiling <lambda> for with global shapes and types [ShapedArray(float32[])]. Argument mapping: (GSPMDSharding({replicated}),).
2024-02-22 07:11:03,633:DEBUG: Finished jaxpr to MLIR module conversion jit(<lambda>) in 0.0005795955657958984 sec
2024-02-22 07:11:03,633:DEBUG: get_compile_options: num_replicas=1 num_partitions=1 device_assignment=[[CpuDevice(id=0)]]
2024-02-22 07:11:03,633:DEBUG: get_compile_options XLA-AutoFDO profile: using XLA-AutoFDO profile version -1
2024-02-22 07:11:03,636:DEBUG: Finished XLA compilation of jit(<lambda>) in 0.0028765201568603516 sec
2024-02-22 07:11:03,636:DEBUG: Finished tracing + transforming true_divide for pjit in 0.00015354156494140625 sec
2024-02-22 07:11:03,637:DEBUG: Compiling true_divide for with global shapes and types [ShapedArray(float32[]), ShapedArray(float32[])]. Argument mapping: (GSPMDSharding({replicated}), GSPMDSharding({replicated})).
2024-02-22 07:11:03,637:DEBUG: Finished jaxpr to MLIR module conversion jit(true_divide) in 0.0007174015045166016 sec
2024-02-22 07:11:03,638:DEBUG: get_compile_options: num_replicas=1 num_partitions=1 device_assignment=[[CpuDevice(id=0)]]
2024-02-22 07:11:03,638:DEBUG: get_compile_options XLA-AutoFDO profile: using XLA-AutoFDO profile version -1
2024-02-22 07:11:03,641:DEBUG: Finished XLA compilation of jit(true_divide) in 0.0031685829162597656 sec
2024-02-22 07:11:03,642:DEBUG: Finished tracing + transforming <lambda> for pjit in 0.0002052783966064453 sec
2024-02-22 07:11:03,643:DEBUG: Finished tracing + transforming <lambda> for pjit in 0.0001227855682373047 sec
2024-02-22 07:11:03,644:DEBUG: Finished tracing + transforming fn for pjit in 0.0006587505340576172 sec
2024-02-22 07:11:03,644:DEBUG: Finished tracing + transforming fn for pjit in 0.0001285076141357422 sec
2024-02-22 07:11:03,644:DEBUG: Finished tracing + transforming _uniform for pjit in 0.0021352767944335938 sec
2024-02-22 07:11:03,644:DEBUG: Finished tracing + transforming fn for pjit in 0.00015091896057128906 sec
2024-02-22 07:11:03,645:DEBUG: Finished tracing + transforming <lambda> for pjit in 0.00011730194091796875 sec
2024-02-22 07:11:03,645:DEBUG: Finished tracing + transforming <lambda> for pjit in 0.00011730194091796875 sec
2024-02-22 07:11:03,645:DEBUG: Finished tracing + transforming clip for pjit in 0.0005879402160644531 sec
2024-02-22 07:11:03,645:DEBUG: Finished tracing + transforming _truncated_normal for pjit in 0.003973484039306641 sec
2024-02-22 07:11:03,646:DEBUG: Compiling _truncated_normal for with global shapes and types [ShapedArray(key<fry>[]), ShapedArray(int32[], weak_type=True), ShapedArray(int32[], weak_type=True)]. Argument mapping: (GSPMDSharding({replicated}), GSPMDSharding({replicated}), GSPMDSharding({replicated})).
2024-02-22 07:11:03,648:DEBUG: Finished tracing + transforming ravel for pjit in 8.797645568847656e-05 sec
2024-02-22 07:11:03,648:DEBUG: Finished tracing + transforming threefry_2x32 for pjit in 0.0006067752838134766 sec
2024-02-22 07:11:03,649:DEBUG: Finished tracing + transforming _threefry_random_bits_original for pjit in 0.001664876937866211 sec
2024-02-22 07:11:03,650:DEBUG: Finished tracing + transforming fn for pjit in 0.0001971721649169922 sec
2024-02-22 07:11:03,651:DEBUG: Finished tracing + transforming fn for pjit in 0.0001246929168701172 sec
2024-02-22 07:11:03,652:DEBUG: Finished tracing + transforming <lambda> for pjit in 0.00012063980102539062 sec
2024-02-22 07:11:03,652:DEBUG: Finished tracing + transforming <lambda> for pjit in 0.00011420249938964844 sec
2024-02-22 07:11:03,665:DEBUG: Finished jaxpr to MLIR module conversion jit(_truncated_normal) in 0.01876235008239746 sec
2024-02-22 07:11:03,665:DEBUG: get_compile_options: num_replicas=1 num_partitions=1 device_assignment=[[CpuDevice(id=0)]]
2024-02-22 07:11:03,665:DEBUG: get_compile_options XLA-AutoFDO profile: using XLA-AutoFDO profile version -1
2024-02-22 07:11:03,748:DEBUG: Finished XLA compilation of jit(_truncated_normal) in 0.08356165885925293 sec
2024-02-22 07:11:03,753:DEBUG: Finished tracing + transforming fn for pjit in 0.0002143383026123047 sec
2024-02-22 07:11:03,753:DEBUG: Compiling fn for with global shapes and types [ShapedArray(float32[8000,51]), ShapedArray(float32[])]. Argument mapping: (GSPMDSharding({replicated}), GSPMDSharding({replicated})).
2024-02-22 07:11:03,754:DEBUG: Finished jaxpr to MLIR module conversion jit(fn) in 0.0009083747863769531 sec
2024-02-22 07:11:03,754:DEBUG: get_compile_options: num_replicas=1 num_partitions=1 device_assignment=[[CpuDevice(id=0)]]
2024-02-22 07:11:03,754:DEBUG: get_compile_options XLA-AutoFDO profile: using XLA-AutoFDO profile version -1
2024-02-22 07:11:03,761:DEBUG: Finished XLA compilation of jit(fn) in 0.0064585208892822266 sec
2024-02-22 07:11:03,762:DEBUG: Finished tracing + transforming <lambda> for pjit in 0.0001735687255859375 sec
2024-02-22 07:11:03,763:DEBUG: Finished tracing + transforming <lambda> for pjit in 0.0004067420959472656 sec
2024-02-22 07:11:03,763:DEBUG: Finished tracing + transforming fn for pjit in 0.00018167495727539062 sec
2024-02-22 07:11:03,763:DEBUG: Finished tracing + transforming fn for pjit in 0.00015473365783691406 sec
2024-02-22 07:11:03,763:DEBUG: Finished tracing + transforming _uniform for pjit in 0.0020437240600585938 sec
2024-02-22 07:11:03,764:DEBUG: Finished tracing + transforming _normal_real for pjit in 0.0024127960205078125 sec
2024-02-22 07:11:03,764:DEBUG: Finished tracing + transforming _normal for pjit in 0.0026612281799316406 sec
2024-02-22 07:11:03,764:DEBUG: Compiling _normal for with global shapes and types [ShapedArray(key<fry>[])]. Argument mapping: (GSPMDSharding({replicated}),).
2024-02-22 07:11:03,766:DEBUG: Finished tracing + transforming ravel for pjit in 0.00014662742614746094 sec
2024-02-22 07:11:03,767:DEBUG: Finished tracing + transforming threefry_2x32 for pjit in 0.0009765625 sec
2024-02-22 07:11:03,767:DEBUG: Finished tracing + transforming _threefry_random_bits_original for pjit in 0.0016143321990966797 sec
2024-02-22 07:11:03,769:DEBUG: Finished tracing + transforming fn for pjit in 0.00022411346435546875 sec
2024-02-22 07:11:03,770:DEBUG: Finished tracing + transforming fn for pjit in 0.0001277923583984375 sec
2024-02-22 07:11:03,770:DEBUG: Finished tracing + transforming <lambda> for pjit in 0.00016236305236816406 sec
2024-02-22 07:11:03,771:DEBUG: Finished tracing + transforming <lambda> for pjit in 0.00011658668518066406 sec
2024-02-22 07:11:03,780:DEBUG: Finished jaxpr to MLIR module conversion jit(_normal) in 0.015569925308227539 sec
2024-02-22 07:11:03,780:DEBUG: get_compile_options: num_replicas=1 num_partitions=1 device_assignment=[[CpuDevice(id=0)]]
2024-02-22 07:11:03,780:DEBUG: get_compile_options XLA-AutoFDO profile: using XLA-AutoFDO profile version -1
2024-02-22 07:11:03,824:DEBUG: Finished XLA compilation of jit(_normal) in 0.04431271553039551 sec
2024-02-22 07:11:03,825:DEBUG: Finished tracing + transforming fn for pjit in 0.00023102760314941406 sec
2024-02-22 07:11:03,826:DEBUG: Compiling fn for with global shapes and types [ShapedArray(float32[51]), ShapedArray(float32[], weak_type=True)]. Argument mapping: (GSPMDSharding({replicated}), GSPMDSharding({replicated})).
2024-02-22 07:11:03,827:DEBUG: Finished jaxpr to MLIR module conversion jit(fn) in 0.00102996826171875 sec
2024-02-22 07:11:03,827:DEBUG: get_compile_options: num_replicas=1 num_partitions=1 device_assignment=[[CpuDevice(id=0)]]
2024-02-22 07:11:03,827:DEBUG: get_compile_options XLA-AutoFDO profile: using XLA-AutoFDO profile version -1
2024-02-22 07:11:03,832:DEBUG: Finished XLA compilation of jit(fn) in 0.004523038864135742 sec
2024-02-22 07:11:03,833:DEBUG: Finished tracing + transforming <lambda> for pjit in 0.000133514404296875 sec
2024-02-22 07:11:03,834:DEBUG: Finished tracing + transforming fn for pjit in 0.0002105236053466797 sec
2024-02-22 07:11:03,834:DEBUG: Finished tracing + transforming fn for pjit in 0.00012135505676269531 sec
2024-02-22 07:11:03,834:DEBUG: Finished tracing + transforming _uniform for pjit in 0.0014014244079589844 sec
2024-02-22 07:11:03,834:DEBUG: Finished tracing + transforming fn for pjit in 0.00014543533325195312 sec
2024-02-22 07:11:03,835:DEBUG: Finished tracing + transforming <lambda> for pjit in 0.00012993812561035156 sec
2024-02-22 07:11:03,835:DEBUG: Finished tracing + transforming <lambda> for pjit in 0.0001227855682373047 sec
2024-02-22 07:11:03,835:DEBUG: Finished tracing + transforming clip for pjit in 0.0006470680236816406 sec
2024-02-22 07:11:03,835:DEBUG: Finished tracing + transforming _truncated_normal for pjit in 0.0032684803009033203 sec
2024-02-22 07:11:03,836:DEBUG: Compiling _truncated_normal for with global shapes and types [ShapedArray(key<fry>[]), ShapedArray(int32[], weak_type=True), ShapedArray(int32[], weak_type=True)]. Argument mapping: (GSPMDSharding({replicated}), GSPMDSharding({replicated}), GSPMDSharding({replicated})).
2024-02-22 07:11:03,838:DEBUG: Finished tracing + transforming ravel for pjit in 7.009506225585938e-05 sec
2024-02-22 07:11:03,838:DEBUG: Finished tracing + transforming threefry_2x32 for pjit in 0.0005745887756347656 sec
2024-02-22 07:11:03,839:DEBUG: Finished tracing + transforming _threefry_random_bits_original for pjit in 0.0016369819641113281 sec
2024-02-22 07:11:03,840:DEBUG: Finished tracing + transforming fn for pjit in 0.00022840499877929688 sec
2024-02-22 07:11:03,841:DEBUG: Finished tracing + transforming fn for pjit in 0.0001308917999267578 sec
2024-02-22 07:11:03,842:DEBUG: Finished tracing + transforming <lambda> for pjit in 0.00011587142944335938 sec
2024-02-22 07:11:03,842:DEBUG: Finished tracing + transforming <lambda> for pjit in 0.0001361370086669922 sec
2024-02-22 07:11:03,855:DEBUG: Finished jaxpr to MLIR module conversion jit(_truncated_normal) in 0.019185781478881836 sec
2024-02-22 07:11:03,855:DEBUG: get_compile_options: num_replicas=1 num_partitions=1 device_assignment=[[CpuDevice(id=0)]]
2024-02-22 07:11:03,855:DEBUG: get_compile_options XLA-AutoFDO profile: using XLA-AutoFDO profile version -1
2024-02-22 07:11:03,927:DEBUG: Finished XLA compilation of jit(_truncated_normal) in 0.07177209854125977 sec
2024-02-22 07:11:03,929:DEBUG: Finished tracing + transforming fn for pjit in 0.0001926422119140625 sec
2024-02-22 07:11:03,929:DEBUG: Compiling fn for with global shapes and types [ShapedArray(float32[51,100]), ShapedArray(float32[])]. Argument mapping: (GSPMDSharding({replicated}), GSPMDSharding({replicated})).
2024-02-22 07:11:03,930:DEBUG: Finished jaxpr to MLIR module conversion jit(fn) in 0.0008776187896728516 sec
2024-02-22 07:11:03,930:DEBUG: get_compile_options: num_replicas=1 num_partitions=1 device_assignment=[[CpuDevice(id=0)]]
2024-02-22 07:11:03,930:DEBUG: get_compile_options XLA-AutoFDO profile: using XLA-AutoFDO profile version -1
2024-02-22 07:11:03,935:DEBUG: Finished XLA compilation of jit(fn) in 0.0047359466552734375 sec
2024-02-22 07:11:03,936:DEBUG: Finished tracing + transforming <lambda> for pjit in 0.0001785755157470703 sec
2024-02-22 07:11:03,937:DEBUG: Finished tracing + transforming fn for pjit in 0.00023245811462402344 sec
2024-02-22 07:11:03,937:DEBUG: Finished tracing + transforming fn for pjit in 0.00016498565673828125 sec
2024-02-22 07:11:03,937:DEBUG: Finished tracing + transforming _uniform for pjit in 0.0015704631805419922 sec
2024-02-22 07:11:03,937:DEBUG: Finished tracing + transforming _normal_real for pjit in 0.0019526481628417969 sec
2024-02-22 07:11:03,937:DEBUG: Finished tracing + transforming _normal for pjit in 0.002161741256713867 sec
2024-02-22 07:11:03,938:DEBUG: Compiling _normal for with global shapes and types [ShapedArray(key<fry>[])]. Argument mapping: (GSPMDSharding({replicated}),).
2024-02-22 07:11:03,939:DEBUG: Finished tracing + transforming ravel for pjit in 9.417533874511719e-05 sec
2024-02-22 07:11:03,940:DEBUG: Finished tracing + transforming threefry_2x32 for pjit in 0.0006542205810546875 sec
2024-02-22 07:11:03,940:DEBUG: Finished tracing + transforming _threefry_random_bits_original for pjit in 0.0011429786682128906 sec
2024-02-22 07:11:03,941:DEBUG: Finished tracing + transforming fn for pjit in 0.00023317337036132812 sec
2024-02-22 07:11:03,942:DEBUG: Finished tracing + transforming fn for pjit in 0.00012111663818359375 sec
2024-02-22 07:11:03,943:DEBUG: Finished tracing + transforming <lambda> for pjit in 0.00012612342834472656 sec
2024-02-22 07:11:03,943:DEBUG: Finished tracing + transforming <lambda> for pjit in 0.00011682510375976562 sec
2024-02-22 07:11:03,952:DEBUG: Finished jaxpr to MLIR module conversion jit(_normal) in 0.014042139053344727 sec
2024-02-22 07:11:03,952:DEBUG: get_compile_options: num_replicas=1 num_partitions=1 device_assignment=[[CpuDevice(id=0)]]
2024-02-22 07:11:03,952:DEBUG: get_compile_options XLA-AutoFDO profile: using XLA-AutoFDO profile version -1
2024-02-22 07:11:03,999:DEBUG: Finished XLA compilation of jit(_normal) in 0.046921491622924805 sec
2024-02-22 07:11:04,000:DEBUG: Finished tracing + transforming fn for pjit in 0.0002453327178955078 sec
2024-02-22 07:11:04,000:DEBUG: Compiling fn for with global shapes and types [ShapedArray(float32[100]), ShapedArray(float32[], weak_type=True)]. Argument mapping: (GSPMDSharding({replicated}), GSPMDSharding({replicated})).
2024-02-22 07:11:04,001:DEBUG: Finished jaxpr to MLIR module conversion jit(fn) in 0.0008721351623535156 sec
2024-02-22 07:11:04,002:DEBUG: get_compile_options: num_replicas=1 num_partitions=1 device_assignment=[[CpuDevice(id=0)]]
2024-02-22 07:11:04,002:DEBUG: get_compile_options XLA-AutoFDO profile: using XLA-AutoFDO profile version -1
2024-02-22 07:11:04,006:DEBUG: Finished XLA compilation of jit(fn) in 0.004323244094848633 sec
2024-02-22 07:11:04,008:DEBUG: Finished tracing + transforming <lambda> for pjit in 0.00014925003051757812 sec
2024-02-22 07:11:04,008:DEBUG: Finished tracing + transforming fn for pjit in 0.00021910667419433594 sec
2024-02-22 07:11:04,009:DEBUG: Finished tracing + transforming fn for pjit in 0.00012373924255371094 sec
2024-02-22 07:11:04,009:DEBUG: Finished tracing + transforming _uniform for pjit in 0.0014820098876953125 sec
2024-02-22 07:11:04,009:DEBUG: Finished tracing + transforming fn for pjit in 0.00012111663818359375 sec
2024-02-22 07:11:04,010:DEBUG: Finished tracing + transforming <lambda> for pjit in 0.0001270771026611328 sec
2024-02-22 07:11:04,010:DEBUG: Finished tracing + transforming <lambda> for pjit in 0.00012946128845214844 sec
2024-02-22 07:11:04,010:DEBUG: Finished tracing + transforming clip for pjit in 0.0006420612335205078 sec
2024-02-22 07:11:04,010:DEBUG: Finished tracing + transforming _truncated_normal for pjit in 0.003317117691040039 sec
2024-02-22 07:11:04,011:DEBUG: Compiling _truncated_normal for with global shapes and types [ShapedArray(key<fry>[]), ShapedArray(int32[], weak_type=True), ShapedArray(int32[], weak_type=True)]. Argument mapping: (GSPMDSharding({replicated}), GSPMDSharding({replicated}), GSPMDSharding({replicated})).
2024-02-22 07:11:04,013:DEBUG: Finished tracing + transforming ravel for pjit in 6.604194641113281e-05 sec
2024-02-22 07:11:04,013:DEBUG: Finished tracing + transforming threefry_2x32 for pjit in 0.0005691051483154297 sec
2024-02-22 07:11:04,014:DEBUG: Finished tracing + transforming _threefry_random_bits_original for pjit in 0.0016117095947265625 sec
2024-02-22 07:11:04,015:DEBUG: Finished tracing + transforming fn for pjit in 0.00021767616271972656 sec
2024-02-22 07:11:04,016:DEBUG: Finished tracing + transforming fn for pjit in 0.0001277923583984375 sec
2024-02-22 07:11:04,016:DEBUG: Finished tracing + transforming <lambda> for pjit in 0.00012612342834472656 sec
2024-02-22 07:11:04,017:DEBUG: Finished tracing + transforming <lambda> for pjit in 0.00011730194091796875 sec
2024-02-22 07:11:04,030:DEBUG: Finished jaxpr to MLIR module conversion jit(_truncated_normal) in 0.019162416458129883 sec
2024-02-22 07:11:04,030:DEBUG: get_compile_options: num_replicas=1 num_partitions=1 device_assignment=[[CpuDevice(id=0)]]
2024-02-22 07:11:04,030:DEBUG: get_compile_options XLA-AutoFDO profile: using XLA-AutoFDO profile version -1
2024-02-22 07:11:04,088:DEBUG: Finished XLA compilation of jit(_truncated_normal) in 0.05766749382019043 sec
2024-02-22 07:11:04,089:DEBUG: Finished tracing + transforming fn for pjit in 0.00022077560424804688 sec
2024-02-22 07:11:04,089:DEBUG: Compiling fn for with global shapes and types [ShapedArray(float32[50,51]), ShapedArray(float32[])]. Argument mapping: (GSPMDSharding({replicated}), GSPMDSharding({replicated})).
2024-02-22 07:11:04,090:DEBUG: Finished jaxpr to MLIR module conversion jit(fn) in 0.000911712646484375 sec
2024-02-22 07:11:04,090:DEBUG: get_compile_options: num_replicas=1 num_partitions=1 device_assignment=[[CpuDevice(id=0)]]
2024-02-22 07:11:04,090:DEBUG: get_compile_options XLA-AutoFDO profile: using XLA-AutoFDO profile version -1
2024-02-22 07:11:04,095:DEBUG: Finished XLA compilation of jit(fn) in 0.004937410354614258 sec
2024-02-22 07:11:04,097:DEBUG: Finished tracing + transforming <lambda> for pjit in 0.00016736984252929688 sec
2024-02-22 07:11:04,127:DEBUG: Finished tracing + transforming fn for pjit in 0.029627323150634766 sec
2024-02-22 07:11:04,128:DEBUG: Finished tracing + transforming fn for pjit in 0.0001475811004638672 sec
2024-02-22 07:11:04,128:DEBUG: Finished tracing + transforming _uniform for pjit in 0.03111433982849121 sec
2024-02-22 07:11:04,128:DEBUG: Finished tracing + transforming fn for pjit in 0.0001342296600341797 sec
2024-02-22 07:11:04,129:DEBUG: Finished tracing + transforming <lambda> for pjit in 0.00013303756713867188 sec
2024-02-22 07:11:04,129:DEBUG: Finished tracing + transforming <lambda> for pjit in 0.0001227855682373047 sec
2024-02-22 07:11:04,129:DEBUG: Finished tracing + transforming clip for pjit in 0.0006663799285888672 sec
2024-02-22 07:11:04,129:DEBUG: Finished tracing + transforming _truncated_normal for pjit in 0.033101797103881836 sec
2024-02-22 07:11:04,130:DEBUG: Compiling _truncated_normal for with global shapes and types [ShapedArray(key<fry>[]), ShapedArray(int32[], weak_type=True), ShapedArray(int32[], weak_type=True)]. Argument mapping: (GSPMDSharding({replicated}), GSPMDSharding({replicated}), GSPMDSharding({replicated})).
2024-02-22 07:11:04,132:DEBUG: Finished tracing + transforming _threefry_random_bits_original for pjit in 0.0007832050323486328 sec
2024-02-22 07:11:04,141:DEBUG: Finished jaxpr to MLIR module conversion jit(_truncated_normal) in 0.01129913330078125 sec
2024-02-22 07:11:04,141:DEBUG: get_compile_options: num_replicas=1 num_partitions=1 device_assignment=[[CpuDevice(id=0)]]
2024-02-22 07:11:04,141:DEBUG: get_compile_options XLA-AutoFDO profile: using XLA-AutoFDO profile version -1
2024-02-22 07:11:04,219:DEBUG: Finished XLA compilation of jit(_truncated_normal) in 0.07785415649414062 sec
2024-02-22 07:11:04,224:DEBUG: Finished tracing + transforming fn for pjit in 0.00020599365234375 sec
2024-02-22 07:11:04,224:DEBUG: Compiling fn for with global shapes and types [ShapedArray(float32[51,8000]), ShapedArray(float32[])]. Argument mapping: (GSPMDSharding({replicated}), GSPMDSharding({replicated})).
2024-02-22 07:11:04,225:DEBUG: Finished jaxpr to MLIR module conversion jit(fn) in 0.0008323192596435547 sec
2024-02-22 07:11:04,225:DEBUG: get_compile_options: num_replicas=1 num_partitions=1 device_assignment=[[CpuDevice(id=0)]]
2024-02-22 07:11:04,225:DEBUG: get_compile_options XLA-AutoFDO profile: using XLA-AutoFDO profile version -1
2024-02-22 07:11:04,232:DEBUG: Finished XLA compilation of jit(fn) in 0.0070269107818603516 sec
2024-02-22 07:11:04,233:DEBUG: Finished tracing + transforming <lambda> for pjit in 0.0002079010009765625 sec
2024-02-22 07:11:04,234:DEBUG: Finished tracing + transforming fn for pjit in 0.0002453327178955078 sec
2024-02-22 07:11:04,234:DEBUG: Finished tracing + transforming fn for pjit in 0.00015211105346679688 sec
2024-02-22 07:11:04,234:DEBUG: Finished tracing + transforming _uniform for pjit in 0.001535654067993164 sec
2024-02-22 07:11:04,235:DEBUG: Finished tracing + transforming _normal_real for pjit in 0.0018601417541503906 sec
2024-02-22 07:11:04,235:DEBUG: Finished tracing + transforming _normal for pjit in 0.002068042755126953 sec
2024-02-22 07:11:04,235:DEBUG: Compiling _normal for with global shapes and types [ShapedArray(key<fry>[])]. Argument mapping: (GSPMDSharding({replicated}),).
2024-02-22 07:11:04,237:DEBUG: Finished tracing + transforming ravel for pjit in 7.081031799316406e-05 sec
2024-02-22 07:11:04,237:DEBUG: Finished tracing + transforming threefry_2x32 for pjit in 0.0006427764892578125 sec
2024-02-22 07:11:04,238:DEBUG: Finished tracing + transforming _threefry_random_bits_original for pjit in 0.001184225082397461 sec
2024-02-22 07:11:04,239:DEBUG: Finished tracing + transforming fn for pjit in 0.00020742416381835938 sec
2024-02-22 07:11:04,240:DEBUG: Finished tracing + transforming fn for pjit in 0.0001761913299560547 sec
2024-02-22 07:11:04,240:DEBUG: Finished tracing + transforming <lambda> for pjit in 0.00012564659118652344 sec
2024-02-22 07:11:04,241:DEBUG: Finished tracing + transforming <lambda> for pjit in 0.00011873245239257812 sec
2024-02-22 07:11:04,250:DEBUG: Finished jaxpr to MLIR module conversion jit(_normal) in 0.014862298965454102 sec
2024-02-22 07:11:04,250:DEBUG: get_compile_options: num_replicas=1 num_partitions=1 device_assignment=[[CpuDevice(id=0)]]
2024-02-22 07:11:04,250:DEBUG: get_compile_options XLA-AutoFDO profile: using XLA-AutoFDO profile version -1
2024-02-22 07:11:04,315:DEBUG: Finished XLA compilation of jit(_normal) in 0.06420254707336426 sec
2024-02-22 07:11:04,316:DEBUG: Finished tracing + transforming fn for pjit in 0.00023627281188964844 sec
2024-02-22 07:11:04,316:DEBUG: Compiling fn for with global shapes and types [ShapedArray(float32[8000]), ShapedArray(float32[], weak_type=True)]. Argument mapping: (GSPMDSharding({replicated}), GSPMDSharding({replicated})).
2024-02-22 07:11:04,317:DEBUG: Finished jaxpr to MLIR module conversion jit(fn) in 0.001031637191772461 sec
2024-02-22 07:11:04,318:DEBUG: get_compile_options: num_replicas=1 num_partitions=1 device_assignment=[[CpuDevice(id=0)]]
2024-02-22 07:11:04,318:DEBUG: get_compile_options XLA-AutoFDO profile: using XLA-AutoFDO profile version -1
2024-02-22 07:11:04,322:DEBUG: Finished XLA compilation of jit(fn) in 0.0041501522064208984 sec
2024-02-22 07:11:04,322:DEBUG: Finished tracing + transforming jit(convert_element_type) in 0.00010013580322265625 sec
2024-02-22 07:11:04,323:DEBUG: Compiling convert_element_type for with global shapes and types [ShapedArray(int32[])]. Argument mapping: (GSPMDSharding({replicated}),).
2024-02-22 07:11:04,323:DEBUG: Finished jaxpr to MLIR module conversion jit(convert_element_type) in 0.0006287097930908203 sec
2024-02-22 07:11:04,323:DEBUG: get_compile_options: num_replicas=1 num_partitions=1 device_assignment=[[CpuDevice(id=0)]]
2024-02-22 07:11:04,323:DEBUG: get_compile_options XLA-AutoFDO profile: using XLA-AutoFDO profile version -1
2024-02-22 07:11:04,326:DEBUG: Finished XLA compilation of jit(convert_element_type) in 0.0025691986083984375 sec
2024-02-22 07:11:04,327:DEBUG: Finished tracing + transforming jit(broadcast_in_dim) in 0.00010776519775390625 sec
2024-02-22 07:11:04,327:DEBUG: Compiling broadcast_in_dim for with global shapes and types [ShapedArray(float32[])]. Argument mapping: (GSPMDSharding({replicated}),).
2024-02-22 07:11:04,328:DEBUG: Finished jaxpr to MLIR module conversion jit(broadcast_in_dim) in 0.0006875991821289062 sec
2024-02-22 07:11:04,328:DEBUG: get_compile_options: num_replicas=1 num_partitions=1 device_assignment=[[CpuDevice(id=0)]]
2024-02-22 07:11:04,328:DEBUG: get_compile_options XLA-AutoFDO profile: using XLA-AutoFDO profile version -1
2024-02-22 07:11:04,334:DEBUG: Finished XLA compilation of jit(broadcast_in_dim) in 0.005473136901855469 sec
2024-02-22 07:11:04,335:DEBUG: Finished tracing + transforming jit(broadcast_in_dim) in 0.00014972686767578125 sec
2024-02-22 07:11:04,336:DEBUG: Compiling broadcast_in_dim for with global shapes and types [ShapedArray(float32[])]. Argument mapping: (GSPMDSharding({replicated}),).
2024-02-22 07:11:04,336:DEBUG: Finished jaxpr to MLIR module conversion jit(broadcast_in_dim) in 0.000820159912109375 sec
2024-02-22 07:11:04,337:DEBUG: get_compile_options: num_replicas=1 num_partitions=1 device_assignment=[[CpuDevice(id=0)]]
2024-02-22 07:11:04,337:DEBUG: get_compile_options XLA-AutoFDO profile: using XLA-AutoFDO profile version -1
2024-02-22 07:11:04,341:DEBUG: Finished XLA compilation of jit(broadcast_in_dim) in 0.004061698913574219 sec
2024-02-22 07:11:04,341:DEBUG: Finished tracing + transforming jit(broadcast_in_dim) in 0.00011920928955078125 sec
2024-02-22 07:11:04,342:DEBUG: Compiling broadcast_in_dim for with global shapes and types [ShapedArray(float32[])]. Argument mapping: (GSPMDSharding({replicated}),).
2024-02-22 07:11:04,342:DEBUG: Finished jaxpr to MLIR module conversion jit(broadcast_in_dim) in 0.0005972385406494141 sec
2024-02-22 07:11:04,342:DEBUG: get_compile_options: num_replicas=1 num_partitions=1 device_assignment=[[CpuDevice(id=0)]]
2024-02-22 07:11:04,342:DEBUG: get_compile_options XLA-AutoFDO profile: using XLA-AutoFDO profile version -1
2024-02-22 07:11:04,346:DEBUG: Finished XLA compilation of jit(broadcast_in_dim) in 0.0038878917694091797 sec
2024-02-22 07:11:04,347:DEBUG: Finished tracing + transforming jit(broadcast_in_dim) in 8.678436279296875e-05 sec
2024-02-22 07:11:04,347:DEBUG: Compiling broadcast_in_dim for with global shapes and types [ShapedArray(float32[])]. Argument mapping: (GSPMDSharding({replicated}),).
2024-02-22 07:11:04,348:DEBUG: Finished jaxpr to MLIR module conversion jit(broadcast_in_dim) in 0.0005605220794677734 sec
2024-02-22 07:11:04,348:DEBUG: get_compile_options: num_replicas=1 num_partitions=1 device_assignment=[[CpuDevice(id=0)]]
2024-02-22 07:11:04,348:DEBUG: get_compile_options XLA-AutoFDO profile: using XLA-AutoFDO profile version -1
2024-02-22 07:11:04,351:DEBUG: Finished XLA compilation of jit(broadcast_in_dim) in 0.0034906864166259766 sec
2024-02-22 07:11:04,352:DEBUG: Finished tracing + transforming jit(broadcast_in_dim) in 9.417533874511719e-05 sec
2024-02-22 07:11:04,352:DEBUG: Compiling broadcast_in_dim for with global shapes and types [ShapedArray(float32[])]. Argument mapping: (GSPMDSharding({replicated}),).
2024-02-22 07:11:04,353:DEBUG: Finished jaxpr to MLIR module conversion jit(broadcast_in_dim) in 0.0006215572357177734 sec
2024-02-22 07:11:04,353:DEBUG: get_compile_options: num_replicas=1 num_partitions=1 device_assignment=[[CpuDevice(id=0)]]
2024-02-22 07:11:04,353:DEBUG: get_compile_options XLA-AutoFDO profile: using XLA-AutoFDO profile version -1
2024-02-22 07:11:04,358:DEBUG: Finished XLA compilation of jit(broadcast_in_dim) in 0.0043184757232666016 sec
2024-02-22 07:11:04,359:DEBUG: Finished tracing + transforming jit(broadcast_in_dim) in 9.5367431640625e-05 sec
2024-02-22 07:11:04,359:DEBUG: Compiling broadcast_in_dim for with global shapes and types [ShapedArray(float32[])]. Argument mapping: (GSPMDSharding({replicated}),).
2024-02-22 07:11:04,360:DEBUG: Finished jaxpr to MLIR module conversion jit(broadcast_in_dim) in 0.0007572174072265625 sec
2024-02-22 07:11:04,360:DEBUG: get_compile_options: num_replicas=1 num_partitions=1 device_assignment=[[CpuDevice(id=0)]]
2024-02-22 07:11:04,360:DEBUG: get_compile_options XLA-AutoFDO profile: using XLA-AutoFDO profile version -1
2024-02-22 07:11:04,365:DEBUG: Finished XLA compilation of jit(broadcast_in_dim) in 0.005128383636474609 sec
2024-02-22 07:11:04,367:DEBUG: Finished tracing + transforming jit(broadcast_in_dim) in 9.870529174804688e-05 sec
2024-02-22 07:11:04,367:DEBUG: Compiling broadcast_in_dim for with global shapes and types [ShapedArray(float32[])]. Argument mapping: (GSPMDSharding({replicated}),).
2024-02-22 07:11:04,367:DEBUG: Finished jaxpr to MLIR module conversion jit(broadcast_in_dim) in 0.0006561279296875 sec
2024-02-22 07:11:04,368:DEBUG: get_compile_options: num_replicas=1 num_partitions=1 device_assignment=[[CpuDevice(id=0)]]
2024-02-22 07:11:04,368:DEBUG: get_compile_options XLA-AutoFDO profile: using XLA-AutoFDO profile version -1
2024-02-22 07:11:04,372:DEBUG: Finished XLA compilation of jit(broadcast_in_dim) in 0.003762483596801758 sec
2024-02-22 07:11:04,372:DEBUG: Finished tracing + transforming jit(iota) in 8.869171142578125e-05 sec
2024-02-22 07:11:04,372:DEBUG: Compiling iota for with global shapes and types []. Argument mapping: ().
2024-02-22 07:11:04,373:DEBUG: Finished jaxpr to MLIR module conversion jit(iota) in 0.0005967617034912109 sec
2024-02-22 07:11:04,373:DEBUG: get_compile_options: num_replicas=1 num_partitions=1 device_assignment=[[CpuDevice(id=0)]]
2024-02-22 07:11:04,373:DEBUG: get_compile_options XLA-AutoFDO profile: using XLA-AutoFDO profile version -1
2024-02-22 07:11:04,377:DEBUG: Finished XLA compilation of jit(iota) in 0.0037415027618408203 sec
2024-02-22 07:11:04,378:DEBUG: Finished tracing + transforming _shuffle for pjit in 0.0004189014434814453 sec
2024-02-22 07:11:04,378:DEBUG: Compiling _shuffle for with global shapes and types [ShapedArray(key<fry>[]), ShapedArray(int32[8000])]. Argument mapping: (GSPMDSharding({replicated}), GSPMDSharding({replicated})).
2024-02-22 07:11:04,396:DEBUG: Finished jaxpr to MLIR module conversion jit(_shuffle) in 0.017915725708007812 sec
2024-02-22 07:11:04,397:DEBUG: get_compile_options: num_replicas=1 num_partitions=1 device_assignment=[[CpuDevice(id=0)]]
2024-02-22 07:11:04,397:DEBUG: get_compile_options XLA-AutoFDO profile: using XLA-AutoFDO profile version -1
2024-02-22 07:11:04,532:DEBUG: Finished XLA compilation of jit(_shuffle) in 0.13490557670593262 sec
2024-02-22 07:11:04,537:DEBUG: Finished tracing + transforming jit(dynamic_slice) in 0.0002472400665283203 sec
2024-02-22 07:11:04,537:DEBUG: Compiling dynamic_slice for with global shapes and types [ShapedArray(int32[8000]), ShapedArray(int32[], weak_type=True)]. Argument mapping: (GSPMDSharding({replicated}), GSPMDSharding({replicated})).
2024-02-22 07:11:04,538:DEBUG: Finished jaxpr to MLIR module conversion jit(dynamic_slice) in 0.0009729862213134766 sec
2024-02-22 07:11:04,538:DEBUG: get_compile_options: num_replicas=1 num_partitions=1 device_assignment=[[CpuDevice(id=0)]]
2024-02-22 07:11:04,538:DEBUG: get_compile_options XLA-AutoFDO profile: using XLA-AutoFDO profile version -1
2024-02-22 07:11:04,543:DEBUG: Finished XLA compilation of jit(dynamic_slice) in 0.00478816032409668 sec
2024-02-22 07:11:06,900:DEBUG: Finished tracing + transforming jit(convert_element_type) in 0.00022554397583007812 sec
2024-02-22 07:11:06,900:DEBUG: Compiling convert_element_type for with global shapes and types [ShapedArray(float32[10000,50])]. Argument mapping: (GSPMDSharding({replicated}),).
2024-02-22 07:11:06,902:DEBUG: Finished jaxpr to MLIR module conversion jit(convert_element_type) in 0.001079559326171875 sec
2024-02-22 07:11:06,902:DEBUG: get_compile_options: num_replicas=1 num_partitions=1 device_assignment=[[CpuDevice(id=0)]]
2024-02-22 07:11:06,902:DEBUG: get_compile_options XLA-AutoFDO profile: using XLA-AutoFDO profile version -1
2024-02-22 07:11:06,906:DEBUG: Finished XLA compilation of jit(convert_element_type) in 0.004210472106933594 sec
2024-02-22 07:11:06,909:DEBUG: Finished tracing + transforming jit(convert_element_type) in 0.00012612342834472656 sec
2024-02-22 07:11:06,909:DEBUG: Compiling convert_element_type for with global shapes and types [ShapedArray(float32[10000,9])]. Argument mapping: (GSPMDSharding({replicated}),).
2024-02-22 07:11:06,910:DEBUG: Finished jaxpr to MLIR module conversion jit(convert_element_type) in 0.0006396770477294922 sec
2024-02-22 07:11:06,910:DEBUG: get_compile_options: num_replicas=1 num_partitions=1 device_assignment=[[CpuDevice(id=0)]]
2024-02-22 07:11:06,910:DEBUG: get_compile_options XLA-AutoFDO profile: using XLA-AutoFDO profile version -1
2024-02-22 07:11:06,913:DEBUG: Finished XLA compilation of jit(convert_element_type) in 0.002943277359008789 sec
2024-02-22 07:11:06,914:DEBUG: Finished tracing + transforming jit(concatenate) in 0.00012755393981933594 sec
2024-02-22 07:11:06,914:DEBUG: Compiling concatenate for with global shapes and types [ShapedArray(float32[10000,50]), ShapedArray(float32[10000,9])]. Argument mapping: (GSPMDSharding({replicated}), GSPMDSharding({replicated})).
2024-02-22 07:11:06,915:DEBUG: Finished jaxpr to MLIR module conversion jit(concatenate) in 0.0007379055023193359 sec
2024-02-22 07:11:06,915:DEBUG: get_compile_options: num_replicas=1 num_partitions=1 device_assignment=[[CpuDevice(id=0)]]
2024-02-22 07:11:06,915:DEBUG: get_compile_options XLA-AutoFDO profile: using XLA-AutoFDO profile version -1
2024-02-22 07:11:06,921:DEBUG: Finished XLA compilation of jit(concatenate) in 0.0055692195892333984 sec
2024-02-22 07:11:06,922:DEBUG: Finished tracing + transforming jit(dynamic_slice) in 0.0001347064971923828 sec
2024-02-22 07:11:06,922:DEBUG: Compiling dynamic_slice for with global shapes and types [ShapedArray(float32[10000,59]), ShapedArray(int32[], weak_type=True), ShapedArray(int32[], weak_type=True)]. Argument mapping: (GSPMDSharding({replicated}), GSPMDSharding({replicated}), GSPMDSharding({replicated})).
2024-02-22 07:11:06,923:DEBUG: Finished jaxpr to MLIR module conversion jit(dynamic_slice) in 0.0007655620574951172 sec
2024-02-22 07:11:06,923:DEBUG: get_compile_options: num_replicas=1 num_partitions=1 device_assignment=[[CpuDevice(id=0)]]
2024-02-22 07:11:06,923:DEBUG: get_compile_options XLA-AutoFDO profile: using XLA-AutoFDO profile version -1
2024-02-22 07:11:06,930:DEBUG: Finished XLA compilation of jit(dynamic_slice) in 0.006150245666503906 sec
2024-02-22 07:11:06,930:DEBUG: Finished tracing + transforming jit(dynamic_slice) in 0.00013589859008789062 sec
2024-02-22 07:11:06,930:DEBUG: Compiling dynamic_slice for with global shapes and types [ShapedArray(float32[10000,59]), ShapedArray(int32[], weak_type=True), ShapedArray(int32[], weak_type=True)]. Argument mapping: (GSPMDSharding({replicated}), GSPMDSharding({replicated}), GSPMDSharding({replicated})).
2024-02-22 07:11:06,931:DEBUG: Finished jaxpr to MLIR module conversion jit(dynamic_slice) in 0.0006422996520996094 sec
2024-02-22 07:11:06,931:DEBUG: get_compile_options: num_replicas=1 num_partitions=1 device_assignment=[[CpuDevice(id=0)]]
2024-02-22 07:11:06,931:DEBUG: get_compile_options XLA-AutoFDO profile: using XLA-AutoFDO profile version -1
2024-02-22 07:11:06,936:DEBUG: Finished XLA compilation of jit(dynamic_slice) in 0.004192829132080078 sec
2024-02-22 07:11:06,936:DEBUG: Finished tracing + transforming jit(concatenate) in 9.298324584960938e-05 sec
2024-02-22 07:11:06,936:DEBUG: Compiling concatenate for with global shapes and types [ShapedArray(float32[10000,58]), ShapedArray(float32[10000,1])]. Argument mapping: (GSPMDSharding({replicated}), GSPMDSharding({replicated})).
2024-02-22 07:11:06,937:DEBUG: Finished jaxpr to MLIR module conversion jit(concatenate) in 0.00061798095703125 sec
2024-02-22 07:11:06,937:DEBUG: get_compile_options: num_replicas=1 num_partitions=1 device_assignment=[[CpuDevice(id=0)]]
2024-02-22 07:11:06,937:DEBUG: get_compile_options XLA-AutoFDO profile: using XLA-AutoFDO profile version -1
2024-02-22 07:11:06,942:DEBUG: Finished XLA compilation of jit(concatenate) in 0.0046405792236328125 sec
2024-02-22 07:11:06,944:DEBUG: Cannot interpret value of type <class 'function'> as an abstract array; it does not have a dtype attribute
